SF:lib/infrastructure/features/settings/settings_repository.dart
DA:10,1
DA:13,1
DA:14,1
DA:15,2
DA:16,2
DA:17,2
DA:19,2
DA:20,2
DA:21,2
DA:26,0
DA:27,0
DA:30,0
DA:31,0
DA:34,0
DA:35,0
DA:38,0
DA:39,0
DA:42,0
DA:43,0
DA:46,0
DA:47,0
LF:21
LH:9
end_of_record
SF:lib/infrastructure/features/rocks_list/rock_list_repository.dart
DA:15,1
DA:19,1
DA:21,3
DA:22,3
DA:23,1
DA:26,1
DA:28,1
DA:29,2
DA:31,1
DA:34,1
DA:39,1
DA:43,3
DA:44,4
DA:46,2
DA:48,1
LF:15
LH:15
end_of_record
SF:lib/infrastructure/features/location/location_repository.dart
DA:14,1
DA:17,1
DA:18,3
DA:20,1
DA:21,1
DA:22,1
DA:23,1
DA:24,1
DA:25,1
DA:26,1
DA:29,0
DA:31,3
DA:33,1
DA:34,1
DA:35,1
DA:36,1
DA:37,1
DA:38,1
DA:39,1
DA:40,1
DA:42,0
DA:48,0
DA:49,0
DA:51,0
DA:53,0
DA:54,0
DA:55,0
DA:58,0
DA:59,0
DA:60,0
DA:61,0
DA:63,0
DA:66,0
LF:33
LH:19
end_of_record
SF:lib/infrastructure/features/rocks_map/map_repository.dart
DA:13,1
DA:17,1
DA:19,3
DA:20,3
DA:21,1
DA:24,1
DA:26,1
DA:27,2
DA:29,1
DA:32,1
LF:10
LH:10
end_of_record
SF:lib/infrastructure/core/services_injectable_module.dart
DA:7,0
DA:10,0
DA:11,0
DA:12,0
LF:4
LH:0
end_of_record
SF:lib/infrastructure/services/local/location/location_service.dart
DA:10,1
DA:12,1
DA:13,3
DA:15,2
DA:16,1
DA:17,1
DA:19,1
DA:21,4
DA:22,1
DA:27,4
DA:36,0
DA:37,0
DA:38,0
LF:13
LH:10
end_of_record
SF:lib/infrastructure/services/local/location/dtos/user_location_dto.dart
DA:10,2
DA:11,0
DA:17,1
DA:18,1
DA:19,1
DA:20,1
DA:21,1
DA:24,2
DA:25,1
DA:26,1
DA:27,1
LF:11
LH:10
end_of_record
SF:lib/infrastructure/services/local/preferences/shared_preferences_service.dart
DA:9,1
DA:11,1
DA:12,2
DA:16,0
DA:17,0
DA:22,1
DA:23,2
DA:25,0
DA:30,1
DA:31,2
DA:33,0
DA:34,0
DA:39,1
DA:40,2
DA:42,0
DA:47,1
DA:48,2
DA:50,0
DA:55,1
DA:56,2
DA:58,0
DA:59,0
LF:22
LH:13
end_of_record
SF:lib/infrastructure/services/local/database/app_database.g.dart
DA:17,1
DA:24,1
DA:26,1
DA:28,3
DA:30,3
DA:32,3
DA:34,3
DA:36,3
DA:38,3
DA:41,0
DA:43,0
DA:44,0
DA:45,0
DA:46,0
DA:47,0
DA:48,0
DA:49,0
DA:53,0
DA:54,0
DA:55,0
DA:56,0
DA:57,0
DA:58,0
DA:59,0
DA:60,0
DA:64,0
DA:66,0
DA:67,0
DA:68,0
DA:69,0
DA:70,0
DA:71,0
DA:72,0
DA:73,0
DA:76,0
DA:78,0
DA:79,0
DA:80,0
DA:81,0
DA:82,0
DA:83,0
DA:84,0
DA:85,0
DA:89,0
DA:96,0
DA:97,0
DA:98,0
DA:99,0
DA:100,0
DA:101,0
DA:102,0
DA:104,0
DA:106,0
DA:107,0
DA:108,0
DA:109,0
DA:110,0
DA:111,0
DA:112,0
DA:113,0
DA:114,0
DA:117,0
DA:119,0
DA:120,0
DA:123,0
DA:124,0
DA:125,0
DA:126,0
DA:127,0
DA:128,0
DA:129,0
DA:139,0
DA:147,0
DA:154,0
DA:155,0
DA:156,0
DA:157,0
DA:158,0
DA:159,0
DA:167,0
DA:168,0
DA:169,0
DA:170,0
DA:171,0
DA:172,0
DA:173,0
DA:177,0
DA:184,0
DA:185,0
DA:186,0
DA:187,0
DA:188,0
DA:189,0
DA:190,0
DA:194,0
DA:196,0
DA:197,0
DA:198,0
DA:200,0
DA:201,0
DA:203,0
DA:204,0
DA:206,0
DA:207,0
DA:209,0
DA:210,0
DA:212,0
DA:213,0
DA:218,0
DA:220,0
DA:221,0
DA:222,0
DA:223,0
DA:224,0
DA:225,0
DA:226,0
DA:227,0
DA:228,0
DA:235,1
DA:238,2
DA:239,1
DA:243,2
DA:244,1
DA:248,2
DA:249,1
DA:253,2
DA:254,1
DA:258,2
DA:259,1
DA:263,2
DA:264,1
DA:266,1
DA:268,7
DA:269,1
DA:270,1
DA:271,1
DA:273,0
DA:276,0
DA:277,0
DA:278,0
DA:279,0
DA:281,0
DA:282,0
DA:283,0
DA:285,0
DA:287,0
DA:288,0
DA:289,0
DA:291,0
DA:293,0
DA:294,0
DA:295,0
DA:297,0
DA:299,0
DA:300,0
DA:301,0
DA:302,0
DA:303,0
DA:305,0
DA:307,0
DA:308,0
DA:309,0
DA:311,0
DA:316,0
DA:317,0
DA:318,1
DA:320,1
DA:321,1
DA:324,0
DA:326,0
DA:338,1
DA:345,1
DA:348,1
DA:350,3
DA:352,3
DA:354,3
DA:356,3
DA:358,3
DA:360,3
DA:363,0
DA:365,0
DA:366,0
DA:367,0
DA:368,0
DA:369,0
DA:370,0
DA:371,0
DA:375,0
DA:376,0
DA:377,0
DA:378,0
DA:379,0
DA:380,0
DA:381,0
DA:382,0
DA:386,0
DA:388,0
DA:389,0
DA:390,0
DA:391,0
DA:392,0
DA:393,0
DA:394,0
DA:395,0
DA:398,0
DA:400,0
DA:401,0
DA:402,0
DA:403,0
DA:404,0
DA:405,0
DA:406,0
DA:407,0
DA:411,0
DA:418,0
DA:419,0
DA:420,0
DA:421,0
DA:422,0
DA:423,0
DA:424,0
DA:426,0
DA:428,0
DA:429,0
DA:430,0
DA:431,0
DA:432,0
DA:433,0
DA:434,0
DA:435,0
DA:436,0
DA:439,0
DA:441,0
DA:442,0
DA:445,0
DA:446,0
DA:447,0
DA:448,0
DA:449,0
DA:450,0
DA:451,0
DA:461,0
DA:469,0
DA:476,0
DA:477,0
DA:478,0
DA:479,0
DA:480,0
DA:481,0
DA:489,0
DA:490,0
DA:491,0
DA:492,0
DA:493,0
DA:494,0
DA:495,0
DA:499,0
DA:506,0
DA:507,0
DA:508,0
DA:509,0
DA:510,0
DA:511,0
DA:512,0
DA:516,0
DA:518,0
DA:519,0
DA:520,0
DA:522,0
DA:523,0
DA:525,0
DA:526,0
DA:528,0
DA:529,0
DA:531,0
DA:532,0
DA:534,0
DA:535,0
DA:540,0
DA:542,0
DA:543,0
DA:544,0
DA:545,0
DA:546,0
DA:547,0
DA:548,0
DA:549,0
DA:550,0
DA:558,1
DA:561,2
DA:562,1
DA:566,2
DA:567,1
DA:573,2
DA:574,1
DA:578,2
DA:579,1
DA:583,2
DA:584,1
DA:588,2
DA:589,1
DA:591,1
DA:593,7
DA:594,1
DA:595,1
DA:596,1
DA:598,0
DA:601,0
DA:602,0
DA:603,0
DA:604,0
DA:606,0
DA:607,0
DA:608,0
DA:610,0
DA:612,0
DA:613,0
DA:614,0
DA:616,0
DA:618,0
DA:619,0
DA:620,0
DA:622,0
DA:624,0
DA:625,0
DA:626,0
DA:628,0
DA:630,0
DA:631,0
DA:632,0
DA:634,0
DA:639,0
DA:640,0
DA:641,1
DA:643,1
DA:644,1
DA:647,0
DA:649,0
DA:654,2
DA:655,2
DA:656,2
DA:657,0
DA:658,0
DA:659,0
DA:660,0
LF:345
LH:63
end_of_record
SF:lib/infrastructure/services/local/database/app_database.dart
DA:17,0
DA:18,0
DA:19,0
DA:20,0
DA:22,0
DA:23,0
DA:24,0
DA:27,0
DA:34,2
DA:37,0
DA:39,1
DA:42,1
DA:43,3
DA:44,1
DA:45,1
DA:46,1
DA:47,5
DA:50,1
DA:51,3
DA:53,2
DA:56,1
DA:57,2
DA:58,3
DA:59,3
DA:60,3
DA:61,3
DA:62,3
DA:63,3
DA:64,3
DA:67,1
DA:70,1
DA:73,3
DA:74,1
DA:75,1
DA:76,1
DA:77,5
DA:80,1
DA:81,3
DA:83,2
DA:86,1
DA:87,2
DA:88,3
DA:89,3
DA:90,3
DA:91,3
DA:92,3
DA:95,1
DA:98,1
DA:102,3
DA:103,1
DA:104,1
DA:105,1
DA:106,5
DA:109,1
DA:110,7
DA:112,2
DA:114,1
DA:115,3
DA:116,3
DA:117,3
DA:118,3
DA:119,3
DA:120,3
DA:121,3
DA:122,3
DA:123,3
LF:66
LH:57
end_of_record
SF:lib/infrastructure/services/local/database/tables/rocks_localized.dart
DA:4,0
DA:5,0
DA:6,0
DA:7,0
DA:8,0
DA:9,0
DA:10,0
DA:11,0
DA:12,0
DA:13,0
LF:10
LH:0
end_of_record
SF:lib/infrastructure/services/local/database/tables/rocks.dart
DA:4,0
DA:5,0
DA:6,0
DA:7,0
DA:8,0
DA:9,0
DA:10,0
DA:11,0
LF:8
LH:0
end_of_record
SF:lib/infrastructure/services/local/database/views/rocks_list_view.dart
DA:8,4
DA:10,0
DA:20,4
DA:21,2
DA:22,2
DA:23,2
DA:24,2
DA:25,2
DA:26,2
DA:27,2
LF:10
LH:9
end_of_record
SF:lib/infrastructure/services/local/database/views/rocks_coordinates_list_view.dart
DA:8,4
DA:10,0
DA:18,4
DA:19,2
DA:20,2
DA:21,2
DA:22,2
DA:23,2
LF:8
LH:7
end_of_record
SF:lib/infrastructure/services/local/database/views/single_rock_view.dart
DA:8,4
DA:10,0
DA:22,4
DA:23,2
DA:24,2
DA:25,2
DA:26,2
DA:27,2
DA:28,2
DA:29,2
DA:30,2
DA:31,2
LF:12
LH:11
end_of_record
SF:lib/main.dart
DA:6,0
DA:7,0
DA:8,0
DA:9,0
LF:4
LH:0
end_of_record
SF:lib/injection.dart
DA:5,0
DA:7,0
DA:9,0
LF:3
LH:0
end_of_record
SF:lib/application/settings/settings_event.dart
DA:5,0
DA:6,0
DA:7,0
DA:8,0
DA:10,0
DA:11,0
DA:12,0
LF:7
LH:0
end_of_record
SF:lib/application/settings/settings_state.dart
DA:5,0
DA:13,1
LF:2
LH:1
end_of_record
SF:lib/application/settings/settings_bloc.dart
DA:14,3
DA:15,2
DA:16,2
DA:17,1
DA:18,3
DA:19,1
DA:20,3
DA:21,1
DA:22,1
DA:23,1
DA:24,1
DA:25,1
DA:26,1
DA:30,1
DA:31,2
DA:32,2
DA:33,4
DA:35,1
DA:36,2
DA:37,2
DA:38,4
DA:40,1
DA:41,2
DA:42,2
DA:43,4
DA:45,1
DA:46,2
DA:47,2
DA:48,4
DA:50,1
DA:51,2
DA:52,2
DA:53,4
DA:55,1
DA:56,2
DA:57,4
LF:36
LH:36
end_of_record
SF:lib/application/map/map_event.dart
DA:5,0
DA:6,0
DA:7,0
LF:3
LH:0
end_of_record
SF:lib/application/map/map_state.dart
DA:5,0
DA:11,1
LF:2
LH:1
end_of_record
SF:lib/application/map/map_bloc.dart
DA:15,3
DA:16,2
DA:17,2
DA:18,1
DA:19,1
DA:20,3
DA:22,3
DA:24,1
DA:25,2
DA:26,3
DA:28,2
DA:29,3
DA:36,1
DA:37,1
DA:38,1
DA:39,1
DA:40,1
DA:41,3
DA:44,2
DA:45,4
LF:20
LH:20
end_of_record
SF:lib/application/location/location_state.dart
DA:5,0
DA:12,2
DA:15,1
DA:16,1
LF:4
LH:3
end_of_record
SF:lib/application/location/location_event.dart
DA:5,0
DA:6,0
DA:7,0
LF:3
LH:0
end_of_record
SF:lib/application/location/location_bloc.dart
DA:22,3
DA:23,2
DA:24,2
DA:25,1
DA:26,3
DA:27,1
DA:28,5
DA:29,1
DA:33,5
DA:39,0
DA:40,0
DA:41,0
DA:42,0
DA:43,0
DA:44,0
DA:45,0
DA:46,0
DA:49,0
DA:50,0
DA:51,0
DA:52,0
DA:58,0
DA:59,0
DA:65,1
DA:67,1
DA:69,1
LF:26
LH:12
end_of_record
SF:lib/application/detailed_rock_bloc/detailed_rock_state.dart
DA:5,0
DA:10,2
DA:11,1
DA:12,1
LF:4
LH:3
end_of_record
SF:lib/application/detailed_rock_bloc/detailed_rock_event.dart
DA:5,0
DA:8,0
LF:2
LH:0
end_of_record
SF:lib/application/detailed_rock_bloc/detailed_rock_bloc.dart
DA:16,1
DA:17,2
DA:18,1
DA:19,1
DA:20,2
DA:21,1
DA:22,4
DA:23,1
DA:24,1
DA:25,2
DA:26,4
DA:30,1
DA:32,2
DA:33,1
DA:34,0
DA:35,2
DA:36,3
DA:37,1
DA:38,1
DA:39,3
DA:40,1
LF:21
LH:20
end_of_record
SF:lib/application/rock_list/rock_list_state.dart
DA:5,0
DA:12,2
DA:13,1
DA:14,1
DA:16,1
LF:5
LH:4
end_of_record
SF:lib/application/rock_list/rock_list_bloc.dart
DA:17,3
DA:18,1
DA:19,1
DA:20,2
DA:21,1
DA:22,4
DA:23,3
DA:24,1
DA:25,5
DA:28,2
DA:29,3
DA:33,1
DA:34,2
DA:35,5
DA:37,1
DA:38,3
DA:39,1
DA:40,5
DA:41,3
DA:45,1
DA:46,4
DA:47,4
DA:49,5
DA:53,1
DA:54,3
DA:55,1
DA:56,5
DA:59,1
DA:60,3
DA:61,6
DA:68,1
DA:74,1
DA:75,1
DA:76,1
DA:77,3
DA:80,1
DA:81,1
DA:82,3
DA:89,1
DA:94,1
DA:95,2
DA:96,1
DA:97,2
DA:99,1
DA:101,1
DA:102,1
DA:103,1
DA:104,2
DA:110,1
DA:111,3
DA:112,2
LF:51
LH:51
end_of_record
SF:lib/application/rock_list/rock_list_event.dart
DA:5,0
DA:6,0
DA:9,0
DA:10,0
DA:11,0
DA:14,0
LF:6
LH:0
end_of_record
SF:lib/domain/feature/settings/entities/app_settings_entity.dart
DA:7,0
LF:1
LH:0
end_of_record
SF:lib/domain/feature/rocks_list/entities/detailed_rock_entity.dart
DA:7,0
LF:1
LH:0
end_of_record
SF:lib/domain/feature/rocks_list/entities/rock_list_item_entity.dart
DA:7,0
LF:1
LH:0
end_of_record
SF:lib/domain/feature/location/entities/user_location_entity.dart
DA:7,0
LF:1
LH:0
end_of_record
SF:lib/domain/feature/rocks_map/entities/rock_map_entity.dart
DA:7,0
LF:1
LH:0
end_of_record
SF:lib/domain/core/failures.dart
DA:7,0
DA:12,0
DA:13,0
DA:14,0
LF:4
LH:0
end_of_record
SF:lib/presentation/core/themes/light_theme.dart
DA:4,0
LF:1
LH:0
end_of_record
SF:lib/presentation/core/themes/dark_theme.dart
DA:4,0
LF:1
LH:0
end_of_record
SF:lib/presentation/core/app_widget.dart
DA:15,0
DA:17,0
DA:19,0
DA:20,0
DA:21,0
DA:22,0
DA:23,0
DA:24,0
DA:27,0
DA:28,0
DA:29,0
DA:31,0
DA:32,0
DA:33,0
DA:35,0
DA:49,0
DA:50,0
LF:17
LH:0
end_of_record
SF:lib/presentation/pages/feedback_page/feedback_page.dart
DA:9,2
DA:11,1
DA:13,1
DA:14,3
DA:16,1
DA:20,1
DA:22,1
DA:23,1
DA:27,1
DA:28,1
DA:37,1
DA:38,1
DA:40,1
DA:45,1
DA:47,1
DA:49,1
DA:56,1
DA:67,1
DA:68,1
DA:70,1
DA:75,1
DA:77,1
DA:80,1
DA:88,1
DA:99,1
DA:101,0
DA:102,1
DA:109,1
DA:113,1
DA:114,1
LF:30
LH:29
end_of_record
SF:lib/presentation/pages/setting_page/settings_page.dart
DA:6,27
DA:8,0
DA:10,0
DA:11,0
DA:12,0
LF:5
LH:1
end_of_record
SF:lib/presentation/pages/setting_page/widgets/settings_content_bottom.dart
DA:7,27
DA:9,0
DA:11,0
LF:3
LH:1
end_of_record
SF:lib/presentation/pages/setting_page/widgets/rate_app_button.dart
DA:5,28
DA:7,1
DA:9,1
DA:11,1
DA:12,0
DA:14,1
DA:19,1
DA:22,1
DA:23,1
DA:24,1
DA:30,1
DA:32,3
LF:12
LH:11
end_of_record
SF:lib/presentation/pages/setting_page/widgets/settings_content_top.dart
DA:8,27
DA:10,0
DA:12,0
DA:14,0
DA:15,0
DA:16,0
DA:18,0
DA:20,0
DA:21,0
DA:22,0
DA:31,0
DA:32,0
DA:33,0
DA:34,0
DA:41,0
DA:42,0
DA:43,0
DA:44,0
DA:51,0
DA:52,0
DA:53,0
DA:54,0
DA:61,0
DA:62,0
DA:63,0
DA:64,0
LF:26
LH:1
end_of_record
SF:lib/presentation/pages/setting_page/widgets/feedback_button.dart
DA:8,28
DA:10,1
DA:12,1
DA:14,1
DA:15,0
DA:16,1
DA:18,1
DA:21,1
DA:22,1
DA:24,1
DA:25,1
DA:26,1
DA:32,1
DA:33,1
DA:41,1
DA:43,3
LF:16
LH:15
end_of_record
SF:lib/presentation/pages/setting_page/widgets/settings_switch.dart
DA:8,1
DA:13,1
DA:15,1
DA:17,1
DA:19,1
DA:20,1
DA:21,1
DA:26,1
DA:28,1
DA:29,1
LF:10
LH:10
end_of_record
SF:lib/presentation/pages/setting_page/widgets/about_app_button.dart
DA:8,28
DA:10,1
DA:12,1
DA:14,1
DA:15,2
DA:17,2
DA:27,1
DA:28,1
DA:34,1
DA:35,4
DA:41,1
DA:42,1
DA:43,0
DA:44,1
DA:45,2
DA:46,1
DA:49,3
DA:56,1
DA:58,1
DA:60,1
DA:61,1
DA:63,1
DA:64,1
DA:65,1
DA:71,1
DA:72,3
DA:80,1
DA:82,3
LF:28
LH:27
end_of_record
SF:lib/presentation/pages/rock_view_image_page/rock_view_image_page.dart
DA:7,0
DA:10,0
DA:12,0
DA:14,0
DA:18,0
DA:19,0
DA:21,0
DA:22,0
LF:8
LH:0
end_of_record
SF:lib/presentation/pages/main_page/main_page.dart
DA:9,27
DA:11,0
DA:13,0
DA:15,0
DA:17,0
DA:18,0
DA:20,0
DA:27,0
DA:31,0
DA:32,0
LF:10
LH:1
end_of_record
SF:lib/presentation/pages/main_page/widgets/main_page_navigation_bar.dart
DA:9,27
DA:11,0
DA:12,0
DA:14,0
DA:28,0
DA:30,0
DA:32,0
DA:33,0
DA:35,0
DA:43,0
DA:44,0
DA:45,0
DA:46,0
DA:47,0
DA:51,0
DA:52,0
DA:53,0
DA:54,0
DA:58,0
DA:59,0
DA:60,0
DA:61,0
DA:66,0
DA:67,0
DA:68,0
DA:69,0
LF:26
LH:1
end_of_record
SF:lib/presentation/pages/main_page/widgets/app_bottom_navigation_bar_item.dart
DA:6,0
DA:10,0
DA:12,0
DA:14,0
DA:16,0
DA:17,0
DA:22,0
DA:23,0
DA:24,0
DA:25,0
DA:29,0
DA:30,0
DA:31,0
DA:32,0
DA:33,0
DA:34,0
DA:42,0
DA:43,0
DA:44,0
DA:45,0
DA:53,0
DA:54,0
DA:55,0
LF:23
LH:0
end_of_record
SF:lib/presentation/pages/map_page/map_page.dart
DA:9,27
DA:11,0
DA:13,0
DA:14,0
DA:15,0
DA:16,0
LF:6
LH:1
end_of_record
SF:lib/presentation/pages/map_page/widgets/map_zoom_icon_button.dart
DA:5,27
DA:13,27
DA:16,0
DA:18,0
DA:20,0
DA:21,0
DA:22,0
DA:24,0
DA:25,0
DA:26,0
DA:28,0
DA:35,0
DA:37,0
DA:39,0
DA:40,0
LF:15
LH:2
end_of_record
SF:lib/presentation/pages/map_page/widgets/map_geolocation_icon_button.dart
DA:8,27
DA:10,0
DA:12,0
DA:13,0
DA:14,0
DA:16,0
DA:17,0
DA:19,0
DA:20,0
DA:23,0
DA:24,0
DA:26,0
DA:33,0
DA:35,0
DA:37,0
DA:38,0
LF:16
LH:1
end_of_record
SF:lib/presentation/pages/map_page/widgets/map_page_content.dart
DA:9,27
DA:11,0
DA:13,0
DA:14,0
DA:15,0
DA:16,0
DA:17,0
DA:19,0
DA:20,0
DA:21,0
DA:25,0
DA:28,0
DA:32,0
LF:13
LH:1
end_of_record
SF:lib/presentation/pages/splash_page/splash_page.dart
DA:6,27
DA:8,0
DA:10,0
LF:3
LH:1
end_of_record
SF:lib/presentation/pages/rocks_page/rocks_page.dart
DA:8,27
DA:10,0
DA:12,0
DA:13,0
DA:14,0
LF:5
LH:1
end_of_record
SF:lib/presentation/pages/rocks_page/widgets/rock_list_search_field.dart
DA:7,27
DA:9,0
DA:11,0
DA:12,0
DA:14,0
DA:15,0
DA:16,0
DA:23,0
DA:24,0
DA:27,0
DA:28,0
DA:29,0
DA:38,0
DA:40,0
DA:44,0
DA:45,0
DA:49,0
DA:51,0
LF:18
LH:1
end_of_record
SF:lib/presentation/pages/rocks_page/widgets/rocks_page_content.dart
DA:11,27
DA:13,0
DA:15,0
DA:17,0
DA:18,0
DA:19,0
DA:20,0
DA:21,0
DA:23,0
DA:24,0
DA:25,0
DA:26,0
DA:28,0
DA:32,0
DA:33,0
DA:47,0
DA:48,0
DA:54,0
DA:55,0
DA:56,0
DA:58,0
DA:60,0
DA:61,0
DA:62,0
DA:63,0
DA:66,0
LF:26
LH:1
end_of_record
SF:lib/presentation/pages/rocks_page/widgets/rock_list_item.dart
DA:20,0
DA:25,0
DA:27,0
DA:29,0
DA:30,0
DA:31,0
DA:32,0
DA:33,0
DA:34,0
DA:35,0
DA:36,0
DA:42,0
DA:48,0
DA:49,0
DA:50,0
DA:53,0
DA:54,0
DA:55,0
DA:58,0
DA:60,0
DA:62,0
DA:63,0
DA:64,0
DA:68,0
DA:70,0
DA:71,0
DA:72,0
DA:73,0
DA:75,0
DA:77,0
DA:78,0
DA:79,0
DA:85,0
DA:87,0
DA:88,0
DA:90,0
DA:91,0
DA:95,0
DA:98,0
DA:100,0
DA:101,0
DA:105,0
DA:111,0
DA:112,0
DA:122,0
DA:126,0
DA:128,0
DA:129,0
DA:133,0
DA:139,0
DA:141,0
DA:142,0
DA:143,0
DA:152,0
DA:153,0
DA:154,0
DA:155,0
DA:165,0
DA:167,0
DA:168,0
DA:169,0
DA:170,0
DA:171,0
DA:172,0
DA:173,0
DA:176,0
DA:177,0
LF:67
LH:0
end_of_record
SF:lib/presentation/pages/detailed_rock_page/detailed_rock_page.dart
DA:10,0
DA:13,0
DA:15,0
DA:17,0
DA:18,0
DA:19,0
DA:20,0
LF:7
LH:0
end_of_record
SF:lib/presentation/pages/detailed_rock_page/widgets/rock_elevation.dart
DA:7,1
DA:10,0
DA:12,1
DA:14,1
DA:16,1
DA:17,1
DA:18,1
DA:21,3
DA:26,1
DA:27,2
DA:33,1
DA:34,1
LF:12
LH:11
end_of_record
SF:lib/presentation/pages/detailed_rock_page/widgets/rock_text.dart
DA:8,1
DA:12,0
DA:14,1
DA:15,1
DA:20,1
DA:22,3
DA:23,1
DA:25,1
DA:27,1
DA:28,1
DA:29,5
DA:38,1
DA:40,5
DA:41,1
DA:46,1
DA:48,1
DA:50,1
DA:51,1
DA:52,1
DA:53,1
DA:54,1
LF:21
LH:20
end_of_record
SF:lib/presentation/pages/detailed_rock_page/widgets/distance_to_rock.dart
DA:8,1
DA:11,0
DA:13,1
DA:15,1
DA:16,3
DA:17,1
DA:18,1
DA:21,1
DA:23,1
DA:25,1
DA:26,1
DA:27,1
DA:30,3
DA:32,1
DA:33,1
DA:35,1
DA:36,1
DA:37,1
DA:45,1
DA:46,1
DA:47,2
DA:48,1
DA:49,1
LF:23
LH:22
end_of_record
SF:lib/presentation/pages/detailed_rock_page/widgets/add_marker_button.dart
DA:7,1
DA:10,1
DA:12,1
DA:14,1
DA:16,1
DA:17,1
DA:21,1
DA:22,1
DA:24,1
DA:29,1
DA:31,3
DA:33,1
DA:36,1
DA:44,1
DA:45,1
LF:15
LH:15
end_of_record
SF:lib/presentation/pages/detailed_rock_page/widgets/rock_info_row.dart
DA:11,0
DA:15,0
DA:17,0
DA:19,0
DA:22,0
DA:23,0
DA:24,0
DA:26,0
DA:27,0
DA:28,0
DA:29,0
DA:30,0
LF:12
LH:0
end_of_record
SF:lib/presentation/pages/detailed_rock_page/widgets/rock_coordinates.dart
DA:10,1
DA:15,0
DA:17,1
DA:19,3
DA:21,1
DA:22,0
DA:23,0
DA:24,0
DA:25,0
DA:27,1
DA:28,1
DA:29,1
DA:32,3
DA:37,1
DA:38,2
DA:39,1
DA:46,1
DA:47,2
DA:48,1
LF:19
LH:14
end_of_record
SF:lib/presentation/pages/detailed_rock_page/widgets/detailed_rock_page_content.dart
DA:13,27
DA:15,0
DA:17,0
DA:18,0
DA:19,0
DA:20,0
DA:21,0
DA:22,0
DA:23,0
DA:24,0
DA:30,0
DA:32,0
DA:34,0
DA:35,0
DA:36,0
DA:37,0
DA:38,0
DA:39,0
DA:40,0
DA:41,0
DA:46,0
DA:47,0
DA:48,0
DA:49,0
DA:50,0
DA:54,0
DA:56,0
DA:57,0
DA:58,0
DA:67,0
DA:68,0
DA:69,0
DA:70,0
DA:73,0
DA:76,0
DA:77,0
DA:85,0
DA:87,0
DA:92,0
DA:93,0
DA:94,0
DA:102,0
DA:106,0
DA:107,0
LF:44
LH:1
end_of_record
SF:lib/presentation/widgets/detailed_rock_appbar.dart
DA:9,54
DA:12,0
DA:14,1
DA:16,1
DA:17,1
DA:18,0
DA:19,1
DA:22,3
DA:27,1
DA:28,1
DA:29,0
DA:41,0
DA:42,0
DA:43,0
DA:57,1
LF:15
LH:9
end_of_record
SF:lib/presentation/routing/app_router_transaction_builders.dart
DA:7,0
DA:13,0
LF:2
LH:0
end_of_record
SF:lib/injection.config.dart
DA:33,0
DA:35,0
DA:36,0
DA:37,0
DA:38,0
DA:39,0
DA:40,0
DA:41,0
DA:42,0
DA:43,0
DA:44,0
DA:45,0
DA:46,0
DA:47,0
DA:48,0
DA:49,0
DA:51,0
DA:52,0
DA:53,0
DA:54,0
DA:55,0
DA:56,0
DA:57,0
DA:58,0
DA:59,0
DA:60,0
DA:61,0
DA:62,0
LF:28
LH:0
end_of_record
SF:lib/presentation/routing/router.gr.dart
DA:26,0
DA:27,0
DA:31,0
DA:32,0
DA:35,0
DA:36,0
DA:39,0
DA:40,0
DA:41,0
DA:43,0
DA:50,0
DA:51,0
DA:52,0
DA:54,0
DA:55,0
DA:62,0
DA:63,0
DA:64,0
DA:65,0
DA:67,0
DA:74,0
DA:75,0
DA:84,0
DA:85,0
DA:94,0
DA:95,0
DA:104,0
DA:105,0
DA:116,0
DA:117,0
DA:118,0
DA:119,0
DA:120,0
DA:121,0
DA:123,0
DA:126,0
DA:127,0
DA:129,0
DA:130,0
DA:137,0
DA:145,27
DA:146,0
DA:154,0
DA:155,0
DA:157,0
DA:163,0
DA:169,0
DA:171,0
DA:178,0
DA:179,0
DA:181,0
DA:187,0
DA:193,0
DA:195,0
DA:202,0
DA:203,0
DA:204,0
DA:210,27
DA:214,0
DA:216,0
DA:223,27
DA:224,0
DA:232,27
DA:240,27
DA:248,27
LF:65
LH:6
end_of_record
SF:lib/presentation/pages/map_page/widgets/map_widget.dart
DA:14,0
DA:17,0
DA:19,0
DA:20,0
DA:26,0
DA:27,0
DA:28,0
DA:30,0
DA:31,0
DA:32,0
DA:33,0
DA:34,0
DA:35,0
DA:36,0
DA:38,0
DA:39,0
DA:40,0
DA:41,0
DA:52,0
DA:56,0
DA:57,0
DA:59,0
DA:63,0
DA:66,0
DA:67,0
DA:71,0
DA:75,0
DA:79,0
DA:86,0
DA:90,0
DA:91,0
DA:92,0
DA:93,0
DA:95,0
DA:96,0
DA:101,0
DA:103,0
DA:104,0
DA:113,0
DA:114,0
DA:115,0
DA:116,0
DA:118,0
DA:119,0
DA:120,0
DA:121,0
DA:123,0
DA:124,0
DA:127,0
DA:128,0
DA:129,0
DA:133,0
DA:139,0
DA:140,0
DA:142,0
DA:144,0
DA:145,0
DA:146,0
DA:147,0
DA:148,0
DA:149,0
DA:152,0
DA:153,0
DA:154,0
DA:156,0
DA:159,0
DA:160,0
DA:165,0
DA:168,0
DA:172,0
DA:175,0
DA:178,0
DA:179,0
DA:180,0
LF:74
LH:0
end_of_record
SF:lib/presentation/pages/onboarding_page/onboarding_page.dart
DA:11,27
DA:13,0
DA:14,0
DA:19,0
DA:21,0
DA:22,0
DA:24,0
DA:25,0
DA:26,0
DA:29,0
DA:30,0
DA:35,0
DA:36,0
DA:37,0
DA:39,0
DA:40,0
DA:41,0
DA:43,0
DA:46,0
DA:47,0
DA:48,0
DA:49,0
DA:50,0
DA:51,0
DA:60,0
DA:62,0
DA:63,0
DA:64,0
DA:65,0
DA:67,0
DA:68,0
DA:70,0
DA:72,0
DA:74,0
DA:76,0
DA:77,0
DA:79,0
DA:81,0
DA:82,0
DA:87,0
DA:91,0
DA:93,0
DA:95,0
DA:96,0
DA:97,0
DA:98,0
DA:99,0
DA:105,0
DA:106,0
DA:107,0
DA:109,0
DA:110,0
DA:111,0
DA:113,0
DA:114,0
DA:115,0
LF:56
LH:1
end_of_record
SF:lib/presentation/pages/onboarding_page/widgets/onboarding_bottom_bar.dart
DA:11,0
DA:18,0
DA:20,0
DA:22,0
DA:23,0
DA:25,0
DA:27,0
DA:28,0
DA:32,0
DA:34,0
DA:35,0
DA:36,0
DA:42,0
DA:43,0
DA:45,0
DA:54,0
DA:56,0
DA:57,0
DA:58,0
DA:59,0
LF:20
LH:0
end_of_record
SF:lib/presentation/pages/onboarding_page/widgets/onboarding_page_widget.dart
DA:9,0
DA:14,0
DA:16,0
DA:18,0
DA:20,0
DA:22,0
DA:23,0
DA:27,0
DA:28,0
DA:29,0
DA:30,0
DA:33,0
DA:41,0
DA:42,0
DA:43,0
LF:15
LH:0
end_of_record
